Using user: charl.venter@dotcloud.africa
Jobs with opportunity email: 101
Active candidates: 17

Eligible pairs (score ΓëÑ 75, top 5 per job): 159
  [95%] Network Security Architect (Lead) ΓåÆ Ronald Sidney Doyle
  [92%] Network Security Architect (Lead) ΓåÆ Tumelo Rahlau
  [90%] Network Security Architect (Lead) ΓåÆ Heinrich Muller
  [89%] Network Security Architect (Lead) ΓåÆ Crispen Shiri
  [82%] Security Architect (Enterprise) ΓÇô AI ΓåÆ Jason Marc Dworkin
  [85%] Solution Architect, Service Designer, Product Manager, Test Engineer, Front End Developer, Azure DevOps Engineer, Lead Azure DevOps Engineer ΓåÆ Heinrich Muller
  [84%] Solution Architect, Service Designer, Product Manager, Test Engineer, Front End Developer, Azure DevOps Engineer, Lead Azure DevOps Engineer ΓåÆ Jeanre Swanepoel
  [82%] Solution Architect, Service Designer, Product Manager, Test Engineer, Front End Developer, Azure DevOps Engineer, Lead Azure DevOps Engineer ΓåÆ Riaan Snyders
  [82%] Solution Architect, Service Designer, Product Manager, Test Engineer, Front End Developer, Azure DevOps Engineer, Lead Azure DevOps Engineer ΓåÆ Paul Stegemann
  [81%] Solution Architect, Service Designer, Product Manager, Test Engineer, Front End Developer, Azure DevOps Engineer, Lead Azure DevOps Engineer ΓåÆ Jonathan Wagener
  [94%] Solution Architect ΓåÆ Riaan Snyders
  [89%] Infrastructure Security &amp; Migration Engineer ΓåÆ Paul Stegemann
  [86%] Data Engineer ΓåÆ Juan Charl Venter
  [86%] Data Engineer ΓåÆ Ronald Sidney Doyle
  [96%] DevOps Engineer ΓåÆ Paul Stegemann
  [95%] DevOps Engineer ΓåÆ Heinrich Muller
  [94%] DevOps Engineer ΓåÆ Jeanre Swanepoel
  [94%] DevOps Engineer ΓåÆ Riaan Snyders
  [94%] DevOps Engineer ΓåÆ Crispen Shiri
  [95%] Infrastructure Engineer/SRE ΓåÆ Paul Stegemann
  [91%] Infrastructure Engineer/SRE ΓåÆ Jeanre Swanepoel
  [95%] Infrastructure Engineer/SRE ΓåÆ Paul Stegemann
  [91%] Infrastructure Engineer/SRE ΓåÆ Jeanre Swanepoel
  [92%] Infrastructure Security &amp; Migration Engineer (Linux) ΓåÆ Paul Stegemann
  [88%] Software Engineer ΓåÆ Juan Charl Venter
  [83%] Software Engineer ΓåÆ Tonderai Muchada
  [77%] Software Engineer ΓåÆ Heinrich Muller
  [94%] Senior Python Developer ΓåÆ Peter Idah
  [89%] Senior Python Developer ΓåÆ Jonathan Wagener
  [82%] Senior Python Developer ΓåÆ Tonderai Muchada
  [82%] Senior Python Developer ΓåÆ Riaan Snyders
  [82%] Senior Python Developer ΓåÆ Crispen Shiri
  [84%] Data Engineer ΓåÆ Juan Charl Venter
  [84%] Data Engineer ΓåÆ Ronald Sidney Doyle
  [94%] Senior DevOps Engineer (GCP Focused) ΓåÆ Jeanre Swanepoel
  [94%] Senior DevOps Engineer (GCP Focused) ΓåÆ Heinrich Muller
  [91%] Senior DevOps Engineer (GCP Focused) ΓåÆ Paul Stegemann
  [86%] Senior DevOps Engineer (GCP Focused) ΓåÆ Riaan Snyders
  [86%] Senior DevOps Engineer (GCP Focused) ΓåÆ Peter Idah
  [82%] Azure DevOps Engineer ΓåÆ Jeanre Swanepoel
  [82%] Azure DevOps Engineer ΓåÆ Heinrich Muller
  [82%] Azure DevOps Engineer ΓåÆ Riaan Snyders
  [82%] Azure DevOps Engineer ΓåÆ Paul Stegemann
  [81%] Azure DevOps Engineer ΓåÆ Peter Idah
  [95%] IT Staff Systems Engineer (HPC) ΓåÆ Paul Stegemann
  [90%] Azure Cloud Engineer ΓåÆ Jeanre Swanepoel
  [90%] Azure Cloud Engineer ΓåÆ Heinrich Muller
  [89%] Azure Cloud Engineer ΓåÆ Paul Stegemann
  [86%] Azure Cloud Engineer ΓåÆ Crispen Shiri
  [86%] Azure Cloud Engineer ΓåÆ Peter Idah
  [86%] AI Engineer ΓåÆ Crispen Shiri
  [83%] AI Engineer ΓåÆ Peter Idah
  [81%] AI Engineer ΓåÆ Peter Idah
  [95%] Solution Architect ΓåÆ Riaan Snyders
  [94%] Enterprise Architect ΓåÆ Jason Marc Dworkin
  [81%] Enterprise Architect ΓåÆ Tumelo Rahlau
  [77%] Enterprise Architect ΓåÆ Heinrich Muller
  [75%] Enterprise Architect ΓåÆ Ronald Sidney Doyle
  [94%] Solution Architect ΓåÆ Riaan Snyders
  [94%] Enterprise Architect ΓåÆ Jason Marc Dworkin
  [81%] Enterprise Architect ΓåÆ Tumelo Rahlau
  [77%] Enterprise Architect ΓåÆ Heinrich Muller
  [86%] AI Solution Architect ΓåÆ Riaan Snyders
  [88%] Senior AI Engineer ΓåÆ Crispen Shiri
  [83%] Senior AI Engineer ΓåÆ Peter Idah
  [83%] Senior AI Engineer ΓåÆ Peter Idah
  [92%] Cloud DevOps Engineer ΓåÆ Heinrich Muller
  [88%] Cloud DevOps Engineer ΓåÆ Riaan Snyders
  [86%] Cloud DevOps Engineer ΓåÆ Jeanre Swanepoel
  [86%] Cloud DevOps Engineer ΓåÆ Crispen Shiri
  [83%] Cloud DevOps Engineer ΓåÆ Peter Idah
  [88%] Full Stack Developer ΓåÆ Tonderai Muchada
  [88%] Full Stack Developer ΓåÆ Riaan Snyders
  [81%] Full Stack Developer ΓåÆ Jonathan Wagener
  [89%] Senior Data Engineer ΓåÆ Juan Charl Venter
  [89%] Senior Data Engineer ΓåÆ Ronald Sidney Doyle
  [94%] Senior DevOps Engineer ΓåÆ Heinrich Muller
  [91%] Senior DevOps Engineer ΓåÆ Riaan Snyders
  [89%] Senior DevOps Engineer ΓåÆ Jeanre Swanepoel
  [88%] Senior DevOps Engineer ΓåÆ Crispen Shiri
  [86%] Senior DevOps Engineer ΓåÆ Peter Idah
  [93%] Full Stack Developer ΓåÆ Tonderai Muchada
  [93%] Full Stack Developer ΓåÆ Riaan Snyders
  [88%] Full Stack Developer ΓåÆ Jonathan Wagener
  [94%] Cloud DevOps Engineer ΓåÆ Jeanre Swanepoel
  [93%] Cloud DevOps Engineer ΓåÆ Riaan Snyders
  [93%] Cloud DevOps Engineer ΓåÆ Crispen Shiri
  [89%] Cloud DevOps Engineer ΓåÆ Heinrich Muller
  [86%] Cloud DevOps Engineer ΓåÆ Paul Stegemann
  [89%] Senior Data Engineer ΓåÆ Juan Charl Venter
  [86%] Senior Data Engineer ΓåÆ Ronald Sidney Doyle
  [94%] Senior DevOps Engineer ΓåÆ Jeanre Swanepoel
  [93%] Senior DevOps Engineer ΓåÆ Riaan Snyders
  [93%] Senior DevOps Engineer ΓåÆ Crispen Shiri
  [92%] Senior DevOps Engineer ΓåÆ Heinrich Muller
  [89%] Senior DevOps Engineer ΓåÆ Paul Stegemann
  [85%] Lead JAVA AWS Developer ΓåÆ Tonderai Muchada
  [85%] Lead JAVA AWS Developer ΓåÆ Riaan Snyders
  [81%] IT Staff Systems Engineer HPC ΓåÆ Paul Stegemann
  [81%] Software Engineer ΓåÆ Tonderai Muchada
  [81%] Software Engineer ΓåÆ Juan Charl Venter
  [92%] SmartedgeΓÇÖs client is looking for an experienced Network Security Architect Lead its ΓåÆ Ronald Sidney Doyle
  [90%] SmartedgeΓÇÖs client is looking for an experienced Network Security Architect Lead its ΓåÆ Tumelo Rahlau
  [85%] Lead JAVA AWS Developer at Confidential ΓåÆ Riaan Snyders
  [82%] Lead JAVA AWS Developer at Confidential ΓåÆ Tonderai Muchada
  [94%] ≡ƒÜ¿ Hiring: IT Staff Systems Engineer HPC ΓåÆ Paul Stegemann
  [94%] ≡ƒÜ¿ Hiring: IT Staff Systems Engineer HPC ΓåÆ Paul Stegemann
  [95%] SmartedgeΓÇÖs client is looking for an experienced Infrastructure Engineer/ SRE ΓåÆ Paul Stegemann
  [83%] AI ΓåÆ Peter Idah
  [83%] AI ΓåÆ Crispen Shiri
  [83%] AI ΓåÆ Peter Idah
  [94%] Azure Architect ΓåÆ Jason Marc Dworkin
  [87%] Azure Architect ΓåÆ Juan Charl Venter
  [86%] Azure Architect ΓåÆ Riaan Snyders
  [82%] Azure Architect ΓåÆ Heinrich Muller
  [79%] Azure Architect ΓåÆ Jeanre Swanepoel
  [86%] AI ΓåÆ Crispen Shiri
  [83%] AI ΓåÆ Peter Idah
  [81%] AI ΓåÆ Peter Idah
  [94%] Azure Architect ΓåÆ Juan Charl Venter
  [89%] Azure Architect ΓåÆ Jason Marc Dworkin
  [85%] Azure Architect ΓåÆ Riaan Snyders
  [83%] Azure Architect ΓåÆ Heinrich Muller
  [78%] Azure Architect ΓåÆ Jeanre Swanepoel
  [94%] Azure Architect ΓåÆ Juan Charl Venter
  [94%] Azure Architect ΓåÆ Jason Marc Dworkin
  [92%] Azure Architect ΓåÆ Riaan Snyders
  [83%] Azure Architect ΓåÆ Jeanre Swanepoel
  [83%] Azure Architect ΓåÆ Heinrich Muller
  [94%] Azure Architect ΓåÆ Juan Charl Venter
  [91%] Azure Architect ΓåÆ Jason Marc Dworkin
  [87%] Azure Architect ΓåÆ Riaan Snyders
  [83%] Azure Architect ΓåÆ Heinrich Muller
  [80%] Azure Architect ΓåÆ Jeanre Swanepoel
  [92%] Azure Architect ΓåÆ Juan Charl Venter
  [89%] Azure Architect ΓåÆ Jason Marc Dworkin
  [85%] Azure Architect ΓåÆ Riaan Snyders
  [83%] Azure Architect ΓåÆ Heinrich Muller
  [78%] Azure Architect ΓåÆ Jeanre Swanepoel
  [94%] Azure Architect ΓåÆ Juan Charl Venter
  [91%] Azure Architect ΓåÆ Jason Marc Dworkin
  [87%] Azure Architect ΓåÆ Riaan Snyders
  [83%] Azure Architect ΓåÆ Heinrich Muller
  [80%] Azure Architect ΓåÆ Jeanre Swanepoel
  [82%] Azure Networking ΓåÆ Juan Charl Venter
  [78%] Azure Networking ΓåÆ Paul Stegemann
  [83%] Azure Networking ΓåÆ Paul Stegemann
  [82%] Azure Networking ΓåÆ Juan Charl Venter
  [82%] Azure Networking ΓåÆ Juan Charl Venter
  [80%] Azure Networking ΓåÆ Paul Stegemann
  [85%] Full Stack Engineer ΓåÆ Tonderai Muchada
  [79%] Full Stack Engineer ΓåÆ Riaan Snyders
  [86%] AI ΓåÆ Crispen Shiri
  [83%] AI ΓåÆ Peter Idah
  [83%] AI ΓåÆ Peter Idah
  [85%] Full Stack Engineer ΓåÆ Tonderai Muchada
  [79%] Full Stack Engineer ΓåÆ Riaan Snyders
  [81%] Software Engineer ΓåÆ Tonderai Muchada
  [81%] Software Engineer ΓåÆ Juan Charl Venter

Generating...

  [1/159] Network Security Architect (Lead) / Ronald Sidney Doyle ... OK "?"
  [2/159] Network Security Architect (Lead) / Tumelo Rahlau ... OK "?"
  [3/159] Network Security Architect (Lead) / Heinrich Muller ... OK "?"
  [4/159] Network Security Architect (Lead) / Crispen Shiri ... OK "?"
  [5/159] Security Architect (Enterprise) ΓÇô AI / Jason Marc Dworkin ... OK "?"
  [6/159] Solution Architect, Service Designer, Product Manager, Test Engineer, Front End Developer, Azure DevOps Engineer, Lead Azure DevOps Engineer / Heinrich Muller ... OK "?"
  [7/159] Solution Architect, Service Designer, Product Manager, Test Engineer, Front End Developer, Azure DevOps Engineer, Lead Azure DevOps Engineer / Jeanre Swanepoel ... OK "?"
  [8/159] Solution Architect, Service Designer, Product Manager, Test Engineer, Front End Developer, Azure DevOps Engineer, Lead Azure DevOps Engineer / Riaan Snyders ... OK "?"
  [9/159] Solution Architect, Service Designer, Product Manager, Test Engineer, Front End Developer, Azure DevOps Engineer, Lead Azure DevOps Engineer / Paul Stegemann ... OK "?"
  [10/159] Solution Architect, Service Designer, Product Manager, Test Engineer, Front End Developer, Azure DevOps Engineer, Lead Azure DevOps Engineer / Jonathan Wagener ... OK "?"
  [11/159] Solution Architect / Riaan Snyders ... OK "?"
  [12/159] Infrastructure Security &amp; Migration Engineer / Paul Stegemann ... OK "?"
  [13/159] Data Engineer / Juan Charl Venter ... OK "?"
  [14/159] Data Engineer / Ronald Sidney Doyle ... OK "?"
  [15/159] DevOps Engineer / Paul Stegemann ... OK "?"
  [16/159] DevOps Engineer / Heinrich Muller ... OK "?"
  [17/159] DevOps Engineer / Jeanre Swanepoel ... OK "?"
  [18/159] DevOps Engineer / Riaan Snyders ... OK "?"
  [19/159] DevOps Engineer / Crispen Shiri ... OK "?"
  [20/159] Infrastructure Engineer/SRE / Paul Stegemann ... OK "?"
  [21/159] Infrastructure Engineer/SRE / Jeanre Swanepoel ... OK "?"
  [22/159] Infrastructure Engineer/SRE / Paul Stegemann ... OK "?"
  [23/159] Infrastructure Engineer/SRE / Jeanre Swanepoel ... OK "?"
  [24/159] Infrastructure Security &amp; Migration Engineer (Linux) / Paul Stegemann ... OK "?"
  [25/159] Software Engineer / Juan Charl Venter ... OK "?"
  [26/159] Software Engineer / Tonderai Muchada ... 
