Using user: charl.venter@dotcloud.africa
Jobs with opportunity email: 100
Active candidates: 16

Eligible pairs (score ΓëÑ 75, top 5 per job): 148
  [95%] Network Security Architect (Lead) ΓåÆ Ronald Sidney Doyle
  [92%] Network Security Architect (Lead) ΓåÆ Tumelo Rahlau
  [90%] Network Security Architect (Lead) ΓåÆ Heinrich Muller
  [89%] Network Security Architect (Lead) ΓåÆ Crispen Shiri
  [82%] Security Architect (Enterprise) ΓÇô AI ΓåÆ Jason Marc Dworkin
  [85%] Solution Architect, Service Designer, Product Manager, Test Engineer, Front End Developer, Azure DevOps Engineer, Lead Azure DevOps Engineer ΓåÆ Heinrich Muller
  [84%] Solution Architect, Service Designer, Product Manager, Test Engineer, Front End Developer, Azure DevOps Engineer, Lead Azure DevOps Engineer ΓåÆ Jeanre Swanepoel
  [82%] Solution Architect, Service Designer, Product Manager, Test Engineer, Front End Developer, Azure DevOps Engineer, Lead Azure DevOps Engineer ΓåÆ Riaan Snyders
  [82%] Solution Architect, Service Designer, Product Manager, Test Engineer, Front End Developer, Azure DevOps Engineer, Lead Azure DevOps Engineer ΓåÆ Paul Stegemann
  [81%] Solution Architect, Service Designer, Product Manager, Test Engineer, Front End Developer, Azure DevOps Engineer, Lead Azure DevOps Engineer ΓåÆ Jonathan Wagener
  [94%] Solution Architect ΓåÆ Riaan Snyders
  [89%] Infrastructure Security &amp; Migration Engineer ΓåÆ Paul Stegemann
  [86%] Data Engineer ΓåÆ Juan Charl Venter
  [86%] Data Engineer ΓåÆ Ronald Sidney Doyle
  [96%] DevOps Engineer ΓåÆ Paul Stegemann
  [95%] DevOps Engineer ΓåÆ Heinrich Muller
  [94%] DevOps Engineer ΓåÆ Jeanre Swanepoel
  [94%] DevOps Engineer ΓåÆ Riaan Snyders
  [94%] DevOps Engineer ΓåÆ Crispen Shiri
  [95%] Infrastructure Engineer/SRE ΓåÆ Paul Stegemann
  [91%] Infrastructure Engineer/SRE ΓåÆ Jeanre Swanepoel
  [95%] Infrastructure Engineer/SRE ΓåÆ Paul Stegemann
  [91%] Infrastructure Engineer/SRE ΓåÆ Jeanre Swanepoel
  [92%] Infrastructure Security &amp; Migration Engineer (Linux) ΓåÆ Paul Stegemann
  [88%] Software Engineer ΓåÆ Juan Charl Venter
  [77%] Software Engineer ΓåÆ Heinrich Muller
  [94%] Senior Python Developer ΓåÆ Peter Idah
  [89%] Senior Python Developer ΓåÆ Jonathan Wagener
  [82%] Senior Python Developer ΓåÆ Riaan Snyders
  [82%] Senior Python Developer ΓåÆ Crispen Shiri
  [84%] Data Engineer ΓåÆ Juan Charl Venter
  [84%] Data Engineer ΓåÆ Ronald Sidney Doyle
  [94%] Senior DevOps Engineer (GCP Focused) ΓåÆ Jeanre Swanepoel
  [94%] Senior DevOps Engineer (GCP Focused) ΓåÆ Heinrich Muller
  [91%] Senior DevOps Engineer (GCP Focused) ΓåÆ Paul Stegemann
  [86%] Senior DevOps Engineer (GCP Focused) ΓåÆ Riaan Snyders
  [86%] Senior DevOps Engineer (GCP Focused) ΓåÆ Peter Idah
  [82%] Azure DevOps Engineer ΓåÆ Jeanre Swanepoel
  [82%] Azure DevOps Engineer ΓåÆ Heinrich Muller
  [82%] Azure DevOps Engineer ΓåÆ Riaan Snyders
  [82%] Azure DevOps Engineer ΓåÆ Paul Stegemann
  [81%] Azure DevOps Engineer ΓåÆ Peter Idah
  [95%] IT Staff Systems Engineer (HPC) ΓåÆ Paul Stegemann
  [90%] Azure Cloud Engineer ΓåÆ Jeanre Swanepoel
  [90%] Azure Cloud Engineer ΓåÆ Heinrich Muller
  [89%] Azure Cloud Engineer ΓåÆ Paul Stegemann
  [86%] Azure Cloud Engineer ΓåÆ Crispen Shiri
  [86%] Azure Cloud Engineer ΓåÆ Peter Idah
  [86%] AI Engineer ΓåÆ Crispen Shiri
  [83%] AI Engineer ΓåÆ Peter Idah
  [81%] AI Engineer ΓåÆ Peter Idah
  [95%] Solution Architect ΓåÆ Riaan Snyders
  [94%] Enterprise Architect ΓåÆ Jason Marc Dworkin
  [81%] Enterprise Architect ΓåÆ Tumelo Rahlau
  [77%] Enterprise Architect ΓåÆ Heinrich Muller
  [75%] Enterprise Architect ΓåÆ Ronald Sidney Doyle
  [94%] Solution Architect ΓåÆ Riaan Snyders
  [94%] Enterprise Architect ΓåÆ Jason Marc Dworkin
  [81%] Enterprise Architect ΓåÆ Tumelo Rahlau
  [77%] Enterprise Architect ΓåÆ Heinrich Muller
  [86%] AI Solution Architect ΓåÆ Riaan Snyders
  [88%] Senior AI Engineer ΓåÆ Crispen Shiri
  [83%] Senior AI Engineer ΓåÆ Peter Idah
  [83%] Senior AI Engineer ΓåÆ Peter Idah
  [92%] Cloud DevOps Engineer ΓåÆ Heinrich Muller
  [88%] Cloud DevOps Engineer ΓåÆ Riaan Snyders
  [86%] Cloud DevOps Engineer ΓåÆ Jeanre Swanepoel
  [86%] Cloud DevOps Engineer ΓåÆ Crispen Shiri
  [83%] Cloud DevOps Engineer ΓåÆ Peter Idah
  [88%] Full Stack Developer ΓåÆ Riaan Snyders
  [81%] Full Stack Developer ΓåÆ Jonathan Wagener
  [89%] Senior Data Engineer ΓåÆ Juan Charl Venter
  [89%] Senior Data Engineer ΓåÆ Ronald Sidney Doyle
  [94%] Senior DevOps Engineer ΓåÆ Heinrich Muller
  [91%] Senior DevOps Engineer ΓåÆ Riaan Snyders
  [89%] Senior DevOps Engineer ΓåÆ Jeanre Swanepoel
  [88%] Senior DevOps Engineer ΓåÆ Crispen Shiri
  [86%] Senior DevOps Engineer ΓåÆ Peter Idah
  [93%] Full Stack Developer ΓåÆ Riaan Snyders
  [88%] Full Stack Developer ΓåÆ Jonathan Wagener
  [94%] Cloud DevOps Engineer ΓåÆ Jeanre Swanepoel
  [93%] Cloud DevOps Engineer ΓåÆ Riaan Snyders
  [93%] Cloud DevOps Engineer ΓåÆ Crispen Shiri
  [89%] Cloud DevOps Engineer ΓåÆ Heinrich Muller
  [86%] Cloud DevOps Engineer ΓåÆ Paul Stegemann
  [89%] Senior Data Engineer ΓåÆ Juan Charl Venter
  [86%] Senior Data Engineer ΓåÆ Ronald Sidney Doyle
  [94%] Senior DevOps Engineer ΓåÆ Jeanre Swanepoel
  [93%] Senior DevOps Engineer ΓåÆ Riaan Snyders
  [93%] Senior DevOps Engineer ΓåÆ Crispen Shiri
  [92%] Senior DevOps Engineer ΓåÆ Heinrich Muller
  [89%] Senior DevOps Engineer ΓåÆ Paul Stegemann
  [85%] Lead JAVA AWS Developer ΓåÆ Riaan Snyders
  [81%] IT Staff Systems Engineer HPC ΓåÆ Paul Stegemann
  [81%] Software Engineer ΓåÆ Juan Charl Venter
  [92%] SmartedgeΓÇÖs client is looking for an experienced Network Security Architect Lead its ΓåÆ Ronald Sidney Doyle
  [90%] SmartedgeΓÇÖs client is looking for an experienced Network Security Architect Lead its ΓåÆ Tumelo Rahlau
  [85%] Lead JAVA AWS Developer at Confidential ΓåÆ Riaan Snyders
  [94%] ≡ƒÜ¿ Hiring: IT Staff Systems Engineer HPC ΓåÆ Paul Stegemann
  [94%] ≡ƒÜ¿ Hiring: IT Staff Systems Engineer HPC ΓåÆ Paul Stegemann
  [95%] SmartedgeΓÇÖs client is looking for an experienced Infrastructure Engineer/ SRE ΓåÆ Paul Stegemann
  [83%] AI ΓåÆ Peter Idah
  [83%] AI ΓåÆ Crispen Shiri
  [83%] AI ΓåÆ Peter Idah
  [94%] Azure Architect ΓåÆ Jason Marc Dworkin
  [87%] Azure Architect ΓåÆ Juan Charl Venter
  [86%] Azure Architect ΓåÆ Riaan Snyders
  [82%] Azure Architect ΓåÆ Heinrich Muller
  [79%] Azure Architect ΓåÆ Jeanre Swanepoel
  [86%] AI ΓåÆ Crispen Shiri
  [83%] AI ΓåÆ Peter Idah
  [81%] AI ΓåÆ Peter Idah
  [94%] Azure Architect ΓåÆ Juan Charl Venter
  [89%] Azure Architect ΓåÆ Jason Marc Dworkin
  [85%] Azure Architect ΓåÆ Riaan Snyders
  [83%] Azure Architect ΓåÆ Heinrich Muller
  [78%] Azure Architect ΓåÆ Jeanre Swanepoel
  [94%] Azure Architect ΓåÆ Juan Charl Venter
  [94%] Azure Architect ΓåÆ Jason Marc Dworkin
  [92%] Azure Architect ΓåÆ Riaan Snyders
  [83%] Azure Architect ΓåÆ Jeanre Swanepoel
  [83%] Azure Architect ΓåÆ Heinrich Muller
  [94%] Azure Architect ΓåÆ Juan Charl Venter
  [91%] Azure Architect ΓåÆ Jason Marc Dworkin
  [87%] Azure Architect ΓåÆ Riaan Snyders
  [83%] Azure Architect ΓåÆ Heinrich Muller
  [80%] Azure Architect ΓåÆ Jeanre Swanepoel
  [92%] Azure Architect ΓåÆ Juan Charl Venter
  [89%] Azure Architect ΓåÆ Jason Marc Dworkin
  [85%] Azure Architect ΓåÆ Riaan Snyders
  [83%] Azure Architect ΓåÆ Heinrich Muller
  [78%] Azure Architect ΓåÆ Jeanre Swanepoel
  [94%] Azure Architect ΓåÆ Juan Charl Venter
  [91%] Azure Architect ΓåÆ Jason Marc Dworkin
  [87%] Azure Architect ΓåÆ Riaan Snyders
  [83%] Azure Architect ΓåÆ Heinrich Muller
  [80%] Azure Architect ΓåÆ Jeanre Swanepoel
  [82%] Azure Networking ΓåÆ Juan Charl Venter
  [78%] Azure Networking ΓåÆ Paul Stegemann
  [83%] Azure Networking ΓåÆ Paul Stegemann
  [82%] Azure Networking ΓåÆ Juan Charl Venter
  [82%] Azure Networking ΓåÆ Juan Charl Venter
  [80%] Azure Networking ΓåÆ Paul Stegemann
  [79%] Full Stack Engineer ΓåÆ Riaan Snyders
  [86%] AI ΓåÆ Crispen Shiri
  [83%] AI ΓåÆ Peter Idah
  [83%] AI ΓåÆ Peter Idah
  [79%] Full Stack Engineer ΓåÆ Riaan Snyders

Generating...

  [1/148] Network Security Architect (Lead) / Ronald Sidney Doyle ... OK "?"
  [2/148] Network Security Architect (Lead) / Tumelo Rahlau ... OK "?"
  [3/148] Network Security Architect (Lead) / Heinrich Muller ... OK "?"
  [4/148] Network Security Architect (Lead) / Crispen Shiri ... OK "?"
  [5/148] Security Architect (Enterprise) ΓÇô AI / Jason Marc Dworkin ... OK "?"
  [6/148] Solution Architect, Service Designer, Product Manager, Test Engineer, Front End Developer, Azure DevOps Engineer, Lead Azure DevOps Engineer / Heinrich Muller ... OK "?"
  [7/148] Solution Architect, Service Designer, Product Manager, Test Engineer, Front End Developer, Azure DevOps Engineer, Lead Azure DevOps Engineer / Jeanre Swanepoel ... OK "?"
  [8/148] Solution Architect, Service Designer, Product Manager, Test Engineer, Front End Developer, Azure DevOps Engineer, Lead Azure DevOps Engineer / Riaan Snyders ... OK "?"
  [9/148] Solution Architect, Service Designer, Product Manager, Test Engineer, Front End Developer, Azure DevOps Engineer, Lead Azure DevOps Engineer / Paul Stegemann ... OK "?"
  [10/148] Solution Architect, Service Designer, Product Manager, Test Engineer, Front End Developer, Azure DevOps Engineer, Lead Azure DevOps Engineer / Jonathan Wagener ... OK "?"
  [11/148] Solution Architect / Riaan Snyders ... OK "?"
  [12/148] Infrastructure Security &amp; Migration Engineer / Paul Stegemann ... OK "?"
  [13/148] Data Engineer / Juan Charl Venter ... OK "?"
  [14/148] Data Engineer / Ronald Sidney Doyle ... OK "?"
  [15/148] DevOps Engineer / Paul Stegemann ... OK "?"
  [16/148] DevOps Engineer / Heinrich Muller ... OK "?"
  [17/148] DevOps Engineer / Jeanre Swanepoel ... OK "?"
  [18/148] DevOps Engineer / Riaan Snyders ... OK "?"
  [19/148] DevOps Engineer / Crispen Shiri ... OK "?"
  [20/148] Infrastructure Engineer/SRE / Paul Stegemann ... OK "?"
  [21/148] Infrastructure Engineer/SRE / Jeanre Swanepoel ... OK "?"
  [22/148] Infrastructure Engineer/SRE / Paul Stegemann ... OK "?"
  [23/148] Infrastructure Engineer/SRE / Jeanre Swanepoel ... OK "?"
  [24/148] Infrastructure Security &amp; Migration Engineer (Linux) / Paul Stegemann ... OK "?"
  [25/148] Software Engineer / Juan Charl Venter ... OK "?"
  [26/148] Software Engineer / Heinrich Muller ... OK "?"
  [27/148] Senior Python Developer / Peter Idah ... OK "?"
  [28/148] Senior Python Developer / Jonathan Wagener ... OK "?"
  [29/148] Senior Python Developer / Riaan Snyders ... OK "?"
  [30/148] Senior Python Developer / Crispen Shiri ... OK "?"
  [31/148] Data Engineer / Juan Charl Venter ... OK "?"
  [32/148] Data Engineer / Ronald Sidney Doyle ... OK "?"
  [33/148] Senior DevOps Engineer (GCP Focused) / Jeanre Swanepoel ... OK "?"
  [34/148] Senior DevOps Engineer (GCP Focused) / Heinrich Muller ... OK "?"
  [35/148] Senior DevOps Engineer (GCP Focused) / Paul Stegemann ... OK "?"
  [36/148] Senior DevOps Engineer (GCP Focused) / Riaan Snyders ... OK "?"
  [37/148] Senior DevOps Engineer (GCP Focused) / Peter Idah ... OK "?"
  [38/148] Azure DevOps Engineer / Jeanre Swanepoel ... OK "?"
  [39/148] Azure DevOps Engineer / Heinrich Muller ... OK "?"
  [40/148] Azure DevOps Engineer / Riaan Snyders ... OK "?"
  [41/148] Azure DevOps Engineer / Paul Stegemann ... OK "?"
  [42/148] Azure DevOps Engineer / Peter Idah ... OK "?"
  [43/148] IT Staff Systems Engineer (HPC) / Paul Stegemann ... OK "?"
  [44/148] Azure Cloud Engineer / Jeanre Swanepoel ... OK "?"
  [45/148] Azure Cloud Engineer / Heinrich Muller ... OK "?"
  [46/148] Azure Cloud Engineer / Paul Stegemann ... OK "?"
  [47/148] Azure Cloud Engineer / Crispen Shiri ... OK "?"
  [48/148] Azure Cloud Engineer / Peter Idah ... OK "?"
  [49/148] AI Engineer / Crispen Shiri ... OK "?"
  [50/148] AI Engineer / Peter Idah ... OK "?"
  [51/148] AI Engineer / Peter Idah ... OK "?"
  [52/148] Solution Architect / Riaan Snyders ... OK "?"
  [53/148] Enterprise Architect / Jason Marc Dworkin ... OK "?"
  [54/148] Enterprise Architect / Tumelo Rahlau ... OK "?"
  [55/148] Enterprise Architect / Heinrich Muller ... OK "?"
  [56/148] Enterprise Architect / Ronald Sidney Doyle ... OK "?"
  [57/148] Solution Architect / Riaan Snyders ... OK "?"
  [58/148] Enterprise Architect / Jason Marc Dworkin ... OK "?"
  [59/148] Enterprise Architect / Tumelo Rahlau ... OK "?"
  [60/148] Enterprise Architect / Heinrich Muller ... OK "?"
  [61/148] AI Solution Architect / Riaan Snyders ... OK "?"
  [62/148] Senior AI Engineer / Crispen Shiri ... OK "?"
  [63/148] Senior AI Engineer / Peter Idah ... OK "?"
  [64/148] Senior AI Engineer / Peter Idah ... OK "?"
  [65/148] Cloud DevOps Engineer / Heinrich Muller ... OK "?"
  [66/148] Cloud DevOps Engineer / Riaan Snyders ... OK "?"
  [67/148] Cloud DevOps Engineer / Jeanre Swanepoel ... OK "?"
  [68/148] Cloud DevOps Engineer / Crispen Shiri ... OK "?"
  [69/148] Cloud DevOps Engineer / Peter Idah ... OK "?"
  [70/148] Full Stack Developer / Riaan Snyders ... OK "?"
  [71/148] Full Stack Developer / Jonathan Wagener ... OK "?"
  [72/148] Senior Data Engineer / Juan Charl Venter ... OK "?"
  [73/148] Senior Data Engineer / Ronald Sidney Doyle ... OK "?"
  [74/148] Senior DevOps Engineer / Heinrich Muller ... OK "?"
  [75/148] Senior DevOps Engineer / Riaan Snyders ... OK "?"
  [76/148] Senior DevOps Engineer / Jeanre Swanepoel ... OK "?"
  [77/148] Senior DevOps Engineer / Crispen Shiri ... OK "?"
  [78/148] Senior DevOps Engineer / Peter Idah ... OK "?"
  [79/148] Full Stack Developer / Riaan Snyders ... OK "?"
  [80/148] Full Stack Developer / Jonathan Wagener ... OK "?"
  [81/148] Cloud DevOps Engineer / Jeanre Swanepoel ... OK "?"
  [82/148] Cloud DevOps Engineer / Riaan Snyders ... OK "?"
  [83/148] Cloud DevOps Engineer / Crispen Shiri ... OK "?"
  [84/148] Cloud DevOps Engineer / Heinrich Muller ... OK "?"
  [85/148] Cloud DevOps Engineer / Paul Stegemann ... OK "?"
  [86/148] Senior Data Engineer / Juan Charl Venter ... OK "?"
  [87/148] Senior Data Engineer / Ronald Sidney Doyle ... OK "?"
  [88/148] Senior DevOps Engineer / Jeanre Swanepoel ... OK "?"
  [89/148] Senior DevOps Engineer / Riaan Snyders ... OK "?"
  [90/148] Senior DevOps Engineer / Crispen Shiri ... OK "?"
  [91/148] Senior DevOps Engineer / Heinrich Muller ... OK "?"
  [92/148] Senior DevOps Engineer / Paul Stegemann ... OK "?"
  [93/148] Lead JAVA AWS Developer / Riaan Snyders ... OK "?"
  [94/148] IT Staff Systems Engineer HPC / Paul Stegemann ... OK "?"
  [95/148] Software Engineer / Juan Charl Venter ... OK "?"
  [96/148] SmartedgeΓÇÖs client is looking for an experienced Network Security Architect Lead its / Ronald Sidney Doyle ... OK "?"
  [97/148] SmartedgeΓÇÖs client is looking for an experienced Network Security Architect Lead its / Tumelo Rahlau ... OK "?"
  [98/148] Lead JAVA AWS Developer at Confidential / Riaan Snyders ... OK "?"
  [99/148] ≡ƒÜ¿ Hiring: IT Staff Systems Engineer HPC / Paul Stegemann ... OK "?"
  [100/148] ≡ƒÜ¿ Hiring: IT Staff Systems Engineer HPC / Paul Stegemann ... OK "?"
  [101/148] SmartedgeΓÇÖs client is looking for an experienced Infrastructure Engineer/ SRE / Paul Stegemann ... OK "?"
  [102/148] AI / Peter Idah ... OK "?"
  [103/148] AI / Crispen Shiri ... OK "?"
  [104/148] AI / Peter Idah ... OK "?"
  [105/148] Azure Architect / Jason Marc Dworkin ... OK "?"
  [106/148] Azure Architect / Juan Charl Venter ... OK "?"
  [107/148] Azure Architect / Riaan Snyders ... OK "?"
  [108/148] Azure Architect / Heinrich Muller ... OK "?"
  [109/148] Azure Architect / Jeanre Swanepoel ... OK "?"
  [110/148] AI / Crispen Shiri ... OK "?"
  [111/148] AI / Peter Idah ... OK "?"
  [112/148] AI / Peter Idah ... OK "?"
  [113/148] Azure Architect / Juan Charl Venter ... OK "?"
  [114/148] Azure Architect / Jason Marc Dworkin ... OK "?"
  [115/148] Azure Architect / Riaan Snyders ... OK "?"
  [116/148] Azure Architect / Heinrich Muller ... OK "?"
  [117/148] Azure Architect / Jeanre Swanepoel ... OK "?"
  [118/148] Azure Architect / Juan Charl Venter ... OK "?"
  [119/148] Azure Architect / Jason Marc Dworkin ... OK "?"
  [120/148] Azure Architect / Riaan Snyders ... OK "?"
  [121/148] Azure Architect / Jeanre Swanepoel ... OK "?"
  [122/148] Azure Architect / Heinrich Muller ... OK "?"
  [123/148] Azure Architect / Juan Charl Venter ... OK "?"
  [124/148] Azure Architect / Jason Marc Dworkin ... OK "?"
  [125/148] Azure Architect / Riaan Snyders ... OK "?"
  [126/148] Azure Architect / Heinrich Muller ... OK "?"
  [127/148] Azure Architect / Jeanre Swanepoel ... OK "?"
  [128/148] Azure Architect / Juan Charl Venter ... OK "?"
  [129/148] Azure Architect / Jason Marc Dworkin ... OK "?"
  [130/148] Azure Architect / Riaan Snyders ... OK "?"
  [131/148] Azure Architect / Heinrich Muller ... OK "?"
  [132/148] Azure Architect / Jeanre Swanepoel ... OK "?"
  [133/148] Azure Architect / Juan Charl Venter ... OK "?"
  [134/148] Azure Architect / Jason Marc Dworkin ... OK "?"
  [135/148] Azure Architect / Riaan Snyders ... OK "?"
  [136/148] Azure Architect / Heinrich Muller ... OK "?"
  [137/148] Azure Architect / Jeanre Swanepoel ... OK "?"
  [138/148] Azure Networking / Juan Charl Venter ... OK "?"
  [139/148] Azure Networking / Paul Stegemann ... OK "?"
  [140/148] Azure Networking / Paul Stegemann ... OK "?"
  [141/148] Azure Networking / Juan Charl Venter ... OK "?"
  [142/148] Azure Networking / Juan Charl Venter ... OK "?"
  [143/148] Azure Networking / Paul Stegemann ... OK "?"
  [144/148] Full Stack Engineer / Riaan Snyders ... OK "?"
  [145/148] AI / Crispen Shiri ... OK "?"
  [146/148] AI / Peter Idah ... OK "?"
  [147/148] AI / Peter Idah ... OK "?"
  [148/148] Full Stack Engineer / Riaan Snyders ... OK "?"

Done: 148 new, 0 cached, 0 skipped (no email), 0 failed
